<?xml version="1.0" encoding="UTF-8"?>
<coverage generated="1771247680865" clover="3.2.0">
  <project timestamp="1771247680866" name="All files">
    <metrics statements="147" coveredstatements="140" conditionals="40" coveredconditionals="38" methods="44" coveredmethods="42" elements="231" coveredelements="220" complexity="0" loc="147" ncloc="147" packages="2" files="8" classes="8"/>
    <package name="src">
      <metrics statements="136" coveredstatements="130" conditionals="30" coveredconditionals="29" methods="42" coveredmethods="40"/>
      <file name="Book.ts" path="D:\test_code_snnipt\ES6 OOP\projects\Book_TS\src\Book.ts">
        <metrics statements="13" coveredstatements="13" conditionals="0" coveredconditionals="0" methods="7" coveredmethods="7"/>
        <line num="5" count="5" type="stmt"/>
        <line num="6" count="5" type="stmt"/>
        <line num="11" count="290" type="stmt"/>
        <line num="14" count="290" type="stmt"/>
        <line num="15" count="290" type="stmt"/>
        <line num="16" count="290" type="stmt"/>
        <line num="17" count="290" type="stmt"/>
        <line num="21" count="18" type="stmt"/>
        <line num="24" count="7" type="stmt"/>
        <line num="27" count="726" type="stmt"/>
        <line num="30" count="276" type="stmt"/>
        <line num="33" count="106" type="stmt"/>
        <line num="36" count="81" type="stmt"/>
      </file>
      <file name="BorrowingSystem.ts" path="D:\test_code_snnipt\ES6 OOP\projects\Book_TS\src\BorrowingSystem.ts">
        <metrics statements="30" coveredstatements="30" conditionals="8" coveredconditionals="8" methods="5" coveredmethods="5"/>
        <line num="4" count="3" type="stmt"/>
        <line num="6" count="3" type="stmt"/>
        <line num="10" count="55" type="stmt"/>
        <line num="11" count="55" type="stmt"/>
        <line num="15" count="54" type="stmt"/>
        <line num="16" count="54" type="cond" truecount="1" falsecount="0"/>
        <line num="17" count="50" type="stmt"/>
        <line num="19" count="54" type="cond" truecount="1" falsecount="0"/>
        <line num="20" count="2" type="stmt"/>
        <line num="24" count="52" type="stmt"/>
        <line num="25" count="58" type="cond" truecount="1" falsecount="0"/>
        <line num="26" count="52" type="stmt"/>
        <line num="27" count="52" type="stmt"/>
        <line num="28" count="52" type="stmt"/>
        <line num="31" count="52" type="stmt"/>
        <line num="36" count="20" type="cond" truecount="1" falsecount="0"/>
        <line num="37" count="8" type="stmt"/>
        <line num="40" count="20" type="cond" truecount="1" falsecount="0"/>
        <line num="41" count="1" type="stmt"/>
        <line num="46" count="19" type="stmt"/>
        <line num="47" count="19" type="stmt"/>
        <line num="51" count="16" type="cond" truecount="1" falsecount="0"/>
        <line num="52" count="3" type="stmt"/>
        <line num="57" count="13" type="cond" truecount="1" falsecount="0"/>
        <line num="58" count="1" type="stmt"/>
        <line num="63" count="12" type="cond" truecount="1" falsecount="0"/>
        <line num="64" count="2" type="stmt"/>
        <line num="69" count="10" type="stmt"/>
        <line num="70" count="10" type="stmt"/>
        <line num="74" count="12" type="stmt"/>
      </file>
      <file name="InventoryManager.ts" path="D:\test_code_snnipt\ES6 OOP\projects\Book_TS\src\InventoryManager.ts">
        <metrics statements="13" coveredstatements="13" conditionals="4" coveredconditionals="4" methods="7" coveredmethods="7"/>
        <line num="3" count="4" type="stmt"/>
        <line num="7" count="70" type="stmt"/>
        <line num="11" count="200" type="cond" truecount="1" falsecount="0"/>
        <line num="12" count="142" type="stmt"/>
        <line num="14" count="199" type="stmt"/>
        <line num="18" count="4" type="cond" truecount="1" falsecount="0"/>
        <line num="19" count="1" type="stmt"/>
        <line num="22" count="3" type="stmt"/>
        <line num="26" count="3" type="stmt"/>
        <line num="30" count="59" type="cond" truecount="2" falsecount="0"/>
        <line num="33" count="9" type="stmt"/>
        <line num="34" count="27" type="stmt"/>
        <line num="35" count="27" type="stmt"/>
      </file>
      <file name="Library.ts" path="D:\test_code_snnipt\ES6 OOP\projects\Book_TS\src\Library.ts">
        <metrics statements="48" coveredstatements="42" conditionals="11" coveredconditionals="10" methods="13" coveredmethods="11"/>
        <line num="2" count="2" type="stmt"/>
        <line num="3" count="2" type="stmt"/>
        <line num="5" count="2" type="stmt"/>
        <line num="7" count="2" type="stmt"/>
        <line num="18" count="42" type="stmt"/>
        <line num="19" count="42" type="stmt"/>
        <line num="20" count="42" type="stmt"/>
        <line num="24" count="44" type="cond" truecount="1" falsecount="0"/>
        <line num="25" count="42" type="stmt"/>
        <line num="26" count="42" type="stmt"/>
        <line num="33" count="44" type="stmt"/>
        <line num="37" count="101" type="stmt"/>
        <line num="38" count="101" type="stmt"/>
        <line num="39" count="100" type="stmt"/>
        <line num="41" count="1" type="stmt"/>
        <line num="46" count="0" type="stmt"/>
        <line num="47" count="0" type="stmt"/>
        <line num="48" count="0" type="stmt"/>
        <line num="50" count="0" type="stmt"/>
        <line num="55" count="3" type="stmt"/>
        <line num="59" count="48" type="cond" truecount="3" falsecount="0"/>
        <line num="60" count="45" type="stmt"/>
        <line num="61" count="45" type="stmt"/>
        <line num="63" count="44" type="stmt"/>
        <line num="65" count="1" type="stmt"/>
        <line num="70" count="13" type="cond" truecount="3" falsecount="0"/>
        <line num="71" count="10" type="stmt"/>
        <line num="72" count="10" type="stmt"/>
        <line num="73" count="7" type="stmt"/>
        <line num="75" count="3" type="stmt"/>
        <line num="79" count="15" type="cond" truecount="2" falsecount="1"/>
        <line num="80" count="15" type="cond" truecount="1" falsecount="0"/>
        <line num="81" count="14" type="stmt"/>
        <line num="82" count="14" type="stmt"/>
        <line num="83" count="14" type="stmt"/>
        <line num="85" count="0" type="stmt"/>
        <line num="89" count="7" type="stmt"/>
        <line num="93" count="58" type="stmt"/>
        <line num="94" count="58" type="stmt"/>
        <line num="96" count="2" type="stmt"/>
        <line num="101" count="66" type="stmt"/>
        <line num="102" count="66" type="stmt"/>
        <line num="103" count="64" type="stmt"/>
        <line num="105" count="2" type="stmt"/>
        <line num="110" count="5" type="stmt"/>
        <line num="111" count="5" type="stmt"/>
        <line num="112" count="5" type="stmt"/>
        <line num="114" count="0" type="stmt"/>
      </file>
      <file name="User.ts" path="D:\test_code_snnipt\ES6 OOP\projects\Book_TS\src\User.ts">
        <metrics statements="10" coveredstatements="10" conditionals="2" coveredconditionals="2" methods="3" coveredmethods="3"/>
        <line num="7" count="5" type="stmt"/>
        <line num="9" count="5" type="stmt"/>
        <line num="15" count="148" type="cond" truecount="1" falsecount="0"/>
        <line num="16" count="4" type="stmt"/>
        <line num="20" count="144" type="cond" truecount="1" falsecount="0"/>
        <line num="21" count="2" type="stmt"/>
        <line num="26" count="142" type="stmt"/>
        <line num="28" count="142" type="stmt"/>
        <line num="31" count="5" type="stmt"/>
        <line num="34" count="387" type="stmt"/>
      </file>
      <file name="UsersManager.ts" path="D:\test_code_snnipt\ES6 OOP\projects\Book_TS\src\UsersManager.ts">
        <metrics statements="18" coveredstatements="18" conditionals="4" coveredconditionals="4" methods="6" coveredmethods="6"/>
        <line num="1" count="3" type="stmt"/>
        <line num="3" count="3" type="stmt"/>
        <line num="8" count="62" type="stmt"/>
        <line num="9" count="62" type="stmt"/>
        <line num="14" count="107" type="cond" truecount="1" falsecount="0"/>
        <line num="15" count="3" type="stmt"/>
        <line num="19" count="104" type="stmt"/>
        <line num="20" count="104" type="stmt"/>
        <line num="21" count="101" type="stmt"/>
        <line num="23" count="3" type="stmt"/>
        <line num="25" count="101" type="stmt"/>
        <line num="30" count="90" type="cond" truecount="1" falsecount="0"/>
        <line num="31" count="4" type="stmt"/>
        <line num="36" count="86" type="stmt"/>
        <line num="37" count="86" type="stmt"/>
        <line num="42" count="10" type="stmt"/>
        <line num="47" count="80" type="stmt"/>
        <line num="52" count="3" type="cond" truecount="2" falsecount="0"/>
      </file>
      <file name="utils.ts" path="D:\test_code_snnipt\ES6 OOP\projects\Book_TS\src\utils.ts">
        <metrics statements="4" coveredstatements="4" conditionals="1" coveredconditionals="1" methods="1" coveredmethods="1"/>
        <line num="1" count="3" type="stmt"/>
        <line num="2" count="10" type="stmt"/>
        <line num="4" count="10" type="cond" truecount="1" falsecount="0"/>
        <line num="5" count="10" type="stmt"/>
      </file>
    </package>
    <package name="src.common">
      <metrics statements="11" coveredstatements="10" conditionals="10" coveredconditionals="9" methods="2" coveredmethods="2"/>
      <file name="validators.ts" path="D:\test_code_snnipt\ES6 OOP\projects\Book_TS\src\common\validators.ts">
        <metrics statements="11" coveredstatements="10" conditionals="10" coveredconditionals="9" methods="2" coveredmethods="2"/>
        <line num="1" count="7" type="stmt"/>
        <line num="3" count="175" type="stmt"/>
        <line num="5" count="175" type="stmt"/>
        <line num="8" count="7" type="stmt"/>
        <line num="13" count="183" type="cond" truecount="3" falsecount="1"/>
        <line num="14" count="0" type="stmt"/>
        <line num="19" count="183" type="stmt"/>
        <line num="22" count="183" type="cond" truecount="2" falsecount="0"/>
        <line num="24" count="183" type="stmt"/>
        <line num="25" count="183" type="stmt"/>
        <line num="27" count="183" type="cond" truecount="2" falsecount="0"/>
      </file>
    </package>
  </project>
</coverage>
