{"D:\\test_code_snnipt\\ES6 OOP\\projects\\Book_TS\\src\\Book.ts": {"path":"D:\\test_code_snnipt\\ES6 OOP\\projects\\Book_TS\\src\\Book.ts","statementMap":{"0":{"start":{"line":11,"column":10},"end":{"line":11,"column":39}},"1":{"start":{"line":14,"column":4},"end":{"line":14,"column":25}},"2":{"start":{"line":15,"column":4},"end":{"line":15,"column":23}},"3":{"start":{"line":16,"column":4},"end":{"line":16,"column":21}},"4":{"start":{"line":17,"column":4},"end":{"line":17,"column":36}},"5":{"start":{"line":21,"column":4},"end":{"line":21,"column":22}},"6":{"start":{"line":24,"column":4},"end":{"line":24,"column":23}},"7":{"start":{"line":27,"column":4},"end":{"line":27,"column":21}},"8":{"start":{"line":30,"column":4},"end":{"line":30,"column":23}},"9":{"start":{"line":33,"column":4},"end":{"line":33,"column":28}},"10":{"start":{"line":36,"column":4},"end":{"line":36,"column":32}},"11":{"start":{"line":5,"column":0},"end":{"line":5,"column":13}},"12":{"start":{"line":6,"column":17},"end":{"line":6,"column":30}}},"fnMap":{"0":{"name":"(anonymous_0)","decl":{"start":{"line":13,"column":2},"end":{"line":13,"column":14}},"loc":{"start":{"line":13,"column":57},"end":{"line":18,"column":3}}},"1":{"name":"(anonymous_1)","decl":{"start":{"line":20,"column":2},"end":{"line":20,"column":6}},"loc":{"start":{"line":20,"column":12},"end":{"line":22,"column":3}}},"2":{"name":"(anonymous_2)","decl":{"start":{"line":23,"column":2},"end":{"line":23,"column":6}},"loc":{"start":{"line":23,"column":13},"end":{"line":25,"column":3}}},"3":{"name":"(anonymous_3)","decl":{"start":{"line":26,"column":2},"end":{"line":26,"column":6}},"loc":{"start":{"line":26,"column":11},"end":{"line":28,"column":3}}},"4":{"name":"(anonymous_4)","decl":{"start":{"line":29,"column":2},"end":{"line":29,"column":6}},"loc":{"start":{"line":29,"column":13},"end":{"line":31,"column":3}}},"5":{"name":"(anonymous_5)","decl":{"start":{"line":32,"column":2},"end":{"line":32,"column":6}},"loc":{"start":{"line":32,"column":16},"end":{"line":34,"column":3}}},"6":{"name":"(anonymous_6)","decl":{"start":{"line":35,"column":2},"end":{"line":35,"column":6}},"loc":{"start":{"line":35,"column":25},"end":{"line":37,"column":3}}}},"branchMap":{},"s":{"0":290,"1":290,"2":290,"3":290,"4":290,"5":18,"6":7,"7":726,"8":276,"9":106,"10":81,"11":5,"12":5},"f":{"0":290,"1":18,"2":7,"3":726,"4":276,"5":106,"6":81},"b":{}}
,"D:\\test_code_snnipt\\ES6 OOP\\projects\\Book_TS\\src\\BorrowingSystem.ts": {"path":"D:\\test_code_snnipt\\ES6 OOP\\projects\\Book_TS\\src\\BorrowingSystem.ts","statementMap":{"0":{"start":{"line":4,"column":0},"end":{"line":4,"column":42}},"1":{"start":{"line":10,"column":4},"end":{"line":10,"column":22}},"2":{"start":{"line":11,"column":4},"end":{"line":11,"column":31}},"3":{"start":{"line":15,"column":19},"end":{"line":15,"column":53}},"4":{"start":{"line":16,"column":4},"end":{"line":18,"column":5}},"5":{"start":{"line":17,"column":6},"end":{"line":17,"column":41}},"6":{"start":{"line":19,"column":4},"end":{"line":23,"column":5}},"7":{"start":{"line":20,"column":6},"end":{"line":22,"column":8}},"8":{"start":{"line":24,"column":4},"end":{"line":33,"column":5}},"9":{"start":{"line":25,"column":6},"end":{"line":32,"column":7}},"10":{"start":{"line":26,"column":8},"end":{"line":26,"column":49}},"11":{"start":{"line":27,"column":8},"end":{"line":27,"column":31}},"12":{"start":{"line":28,"column":8},"end":{"line":30,"column":10}},"13":{"start":{"line":31,"column":8},"end":{"line":31,"column":15}},"14":{"start":{"line":36,"column":4},"end":{"line":38,"column":5}},"15":{"start":{"line":37,"column":6},"end":{"line":37,"column":41}},"16":{"start":{"line":40,"column":4},"end":{"line":44,"column":5}},"17":{"start":{"line":41,"column":6},"end":{"line":43,"column":8}},"18":{"start":{"line":46,"column":4},"end":{"line":46,"column":45}},"19":{"start":{"line":47,"column":4},"end":{"line":47,"column":27}},"20":{"start":{"line":51,"column":4},"end":{"line":55,"column":5}},"21":{"start":{"line":52,"column":6},"end":{"line":54,"column":8}},"22":{"start":{"line":57,"column":4},"end":{"line":61,"column":5}},"23":{"start":{"line":58,"column":6},"end":{"line":60,"column":8}},"24":{"start":{"line":63,"column":4},"end":{"line":67,"column":5}},"25":{"start":{"line":64,"column":6},"end":{"line":66,"column":8}},"26":{"start":{"line":69,"column":4},"end":{"line":69,"column":63}},"27":{"start":{"line":70,"column":4},"end":{"line":70,"column":28}},"28":{"start":{"line":74,"column":4},"end":{"line":74,"column":24}},"29":{"start":{"line":6,"column":0},"end":{"line":6,"column":13}}},"fnMap":{"0":{"name":"(anonymous_0)","decl":{"start":{"line":9,"column":2},"end":{"line":9,"column":14}},"loc":{"start":{"line":9,"column":41},"end":{"line":12,"column":3}}},"1":{"name":"(anonymous_1)","decl":{"start":{"line":14,"column":2},"end":{"line":14,"column":16}},"loc":{"start":{"line":14,"column":43},"end":{"line":34,"column":3}}},"2":{"name":"(anonymous_2)","decl":{"start":{"line":35,"column":2},"end":{"line":35,"column":20}},"loc":{"start":{"line":35,"column":47},"end":{"line":48,"column":3}}},"3":{"name":"(anonymous_3)","decl":{"start":{"line":50,"column":2},"end":{"line":50,"column":12}},"loc":{"start":{"line":50,"column":39},"end":{"line":71,"column":3}}},"4":{"name":"(anonymous_4)","decl":{"start":{"line":73,"column":2},"end":{"line":73,"column":6}},"loc":{"start":{"line":73,"column":25},"end":{"line":75,"column":3}}}},"branchMap":{"0":{"loc":{"start":{"line":16,"column":4},"end":{"line":18,"column":5}},"type":"if","locations":[{"start":{"line":16,"column":4},"end":{"line":18,"column":5}}]},"1":{"loc":{"start":{"line":19,"column":4},"end":{"line":23,"column":5}},"type":"if","locations":[{"start":{"line":19,"column":4},"end":{"line":23,"column":5}}]},"2":{"loc":{"start":{"line":25,"column":6},"end":{"line":32,"column":7}},"type":"if","locations":[{"start":{"line":25,"column":6},"end":{"line":32,"column":7}}]},"3":{"loc":{"start":{"line":36,"column":4},"end":{"line":38,"column":5}},"type":"if","locations":[{"start":{"line":36,"column":4},"end":{"line":38,"column":5}}]},"4":{"loc":{"start":{"line":40,"column":4},"end":{"line":44,"column":5}},"type":"if","locations":[{"start":{"line":40,"column":4},"end":{"line":44,"column":5}}]},"5":{"loc":{"start":{"line":51,"column":4},"end":{"line":55,"column":5}},"type":"if","locations":[{"start":{"line":51,"column":4},"end":{"line":55,"column":5}}]},"6":{"loc":{"start":{"line":57,"column":4},"end":{"line":61,"column":5}},"type":"if","locations":[{"start":{"line":57,"column":4},"end":{"line":61,"column":5}}]},"7":{"loc":{"start":{"line":63,"column":4},"end":{"line":67,"column":5}},"type":"if","locations":[{"start":{"line":63,"column":4},"end":{"line":67,"column":5}}]}},"s":{"0":3,"1":55,"2":55,"3":54,"4":54,"5":50,"6":54,"7":2,"8":52,"9":58,"10":52,"11":52,"12":52,"13":52,"14":20,"15":8,"16":20,"17":1,"18":19,"19":19,"20":16,"21":3,"22":13,"23":1,"24":12,"25":2,"26":10,"27":10,"28":12,"29":3},"f":{"0":55,"1":54,"2":20,"3":16,"4":12},"b":{"0":[50],"1":[2],"2":[52],"3":[8],"4":[1],"5":[3],"6":[1],"7":[2]}}
,"D:\\test_code_snnipt\\ES6 OOP\\projects\\Book_TS\\src\\InventoryManager.ts": {"path":"D:\\test_code_snnipt\\ES6 OOP\\projects\\Book_TS\\src\\InventoryManager.ts","statementMap":{"0":{"start":{"line":7,"column":4},"end":{"line":7,"column":20}},"1":{"start":{"line":11,"column":4},"end":{"line":13,"column":5}},"2":{"start":{"line":12,"column":6},"end":{"line":12,"column":34}},"3":{"start":{"line":14,"column":4},"end":{"line":14,"column":48}},"4":{"start":{"line":18,"column":4},"end":{"line":20,"column":5}},"5":{"start":{"line":19,"column":6},"end":{"line":19,"column":13}},"6":{"start":{"line":22,"column":4},"end":{"line":22,"column":48}},"7":{"start":{"line":26,"column":4},"end":{"line":26,"column":63}},"8":{"start":{"line":30,"column":4},"end":{"line":30,"column":79}},"9":{"start":{"line":33,"column":4},"end":{"line":36,"column":7}},"10":{"start":{"line":34,"column":29},"end":{"line":34,"column":60}},"11":{"start":{"line":35,"column":6},"end":{"line":35,"column":30}},"12":{"start":{"line":3,"column":0},"end":{"line":3,"column":13}}},"fnMap":{"0":{"name":"(anonymous_0)","decl":{"start":{"line":6,"column":2},"end":{"line":6,"column":null}},"loc":{"start":{"line":6,"column":2},"end":{"line":8,"column":3}}},"1":{"name":"(anonymous_1)","decl":{"start":{"line":10,"column":2},"end":{"line":10,"column":9}},"loc":{"start":{"line":10,"column":20},"end":{"line":15,"column":3}}},"2":{"name":"(anonymous_2)","decl":{"start":{"line":17,"column":2},"end":{"line":17,"column":12}},"loc":{"start":{"line":17,"column":23},"end":{"line":23,"column":3}}},"3":{"name":"(anonymous_3)","decl":{"start":{"line":25,"column":2},"end":{"line":25,"column":12}},"loc":{"start":{"line":25,"column":23},"end":{"line":27,"column":3}}},"4":{"name":"(anonymous_4)","decl":{"start":{"line":29,"column":2},"end":{"line":29,"column":15}},"loc":{"start":{"line":29,"column":26},"end":{"line":31,"column":3}}},"5":{"name":"(anonymous_5)","decl":{"start":{"line":32,"column":2},"end":{"line":32,"column":6}},"loc":{"start":{"line":32,"column":12},"end":{"line":37,"column":3}}},"6":{"name":"(anonymous_6)","decl":{"start":{"line":33,"column":39},"end":{"line":33,"column":40}},"loc":{"start":{"line":33,"column":56},"end":{"line":36,"column":5}}}},"branchMap":{"0":{"loc":{"start":{"line":11,"column":4},"end":{"line":13,"column":5}},"type":"if","locations":[{"start":{"line":11,"column":4},"end":{"line":13,"column":5}}]},"1":{"loc":{"start":{"line":18,"column":4},"end":{"line":20,"column":5}},"type":"if","locations":[{"start":{"line":18,"column":4},"end":{"line":20,"column":5}}]},"2":{"loc":{"start":{"line":30,"column":11},"end":{"line":30,"column":78}},"type":"cond-expr","locations":[{"start":{"line":30,"column":36},"end":{"line":30,"column":73}},{"start":{"line":30,"column":76},"end":{"line":30,"column":78}}]}},"s":{"0":70,"1":200,"2":142,"3":199,"4":4,"5":1,"6":3,"7":3,"8":59,"9":9,"10":27,"11":27,"12":4},"f":{"0":70,"1":200,"2":4,"3":3,"4":59,"5":9,"6":27},"b":{"0":[142],"1":[1],"2":[56,3]}}
,"D:\\test_code_snnipt\\ES6 OOP\\projects\\Book_TS\\src\\Library.ts": {"path":"D:\\test_code_snnipt\\ES6 OOP\\projects\\Book_TS\\src\\Library.ts","statementMap":{"0":{"start":{"line":2,"column":0},"end":{"line":2,"column":52}},"1":{"start":{"line":3,"column":0},"end":{"line":3,"column":54}},"2":{"start":{"line":5,"column":0},"end":{"line":5,"column":46}},"3":{"start":{"line":18,"column":4},"end":{"line":18,"column":31}},"4":{"start":{"line":19,"column":4},"end":{"line":19,"column":43}},"5":{"start":{"line":20,"column":4},"end":{"line":20,"column":37}},"6":{"start":{"line":24,"column":4},"end":{"line":31,"column":5}},"7":{"start":{"line":25,"column":24},"end":{"line":25,"column":46}},"8":{"start":{"line":26,"column":6},"end":{"line":30,"column":8}},"9":{"start":{"line":33,"column":4},"end":{"line":33,"column":28}},"10":{"start":{"line":37,"column":4},"end":{"line":42,"column":5}},"11":{"start":{"line":38,"column":6},"end":{"line":38,"column":38}},"12":{"start":{"line":39,"column":6},"end":{"line":39,"column":18}},"13":{"start":{"line":41,"column":6},"end":{"line":41,"column":19}},"14":{"start":{"line":46,"column":4},"end":{"line":51,"column":5}},"15":{"start":{"line":47,"column":6},"end":{"line":47,"column":38}},"16":{"start":{"line":48,"column":6},"end":{"line":48,"column":18}},"17":{"start":{"line":50,"column":6},"end":{"line":50,"column":19}},"18":{"start":{"line":55,"column":4},"end":{"line":55,"column":33}},"19":{"start":{"line":59,"column":4},"end":{"line":59,"column":74}},"20":{"start":{"line":59,"column":61},"end":{"line":59,"column":74}},"21":{"start":{"line":60,"column":4},"end":{"line":66,"column":5}},"22":{"start":{"line":61,"column":6},"end":{"line":61,"column":54}},"23":{"start":{"line":63,"column":6},"end":{"line":63,"column":18}},"24":{"start":{"line":65,"column":6},"end":{"line":65,"column":19}},"25":{"start":{"line":70,"column":4},"end":{"line":70,"column":74}},"26":{"start":{"line":70,"column":61},"end":{"line":70,"column":74}},"27":{"start":{"line":71,"column":4},"end":{"line":76,"column":5}},"28":{"start":{"line":72,"column":6},"end":{"line":72,"column":50}},"29":{"start":{"line":73,"column":6},"end":{"line":73,"column":18}},"30":{"start":{"line":75,"column":6},"end":{"line":75,"column":19}},"31":{"start":{"line":79,"column":4},"end":{"line":79,"column":74}},"32":{"start":{"line":79,"column":61},"end":{"line":79,"column":74}},"33":{"start":{"line":80,"column":4},"end":{"line":80,"column":38}},"34":{"start":{"line":80,"column":25},"end":{"line":80,"column":38}},"35":{"start":{"line":81,"column":4},"end":{"line":86,"column":5}},"36":{"start":{"line":82,"column":6},"end":{"line":82,"column":58}},"37":{"start":{"line":83,"column":6},"end":{"line":83,"column":18}},"38":{"start":{"line":85,"column":6},"end":{"line":85,"column":19}},"39":{"start":{"line":89,"column":4},"end":{"line":89,"column":52}},"40":{"start":{"line":93,"column":4},"end":{"line":97,"column":5}},"41":{"start":{"line":94,"column":6},"end":{"line":94,"column":44}},"42":{"start":{"line":96,"column":6},"end":{"line":96,"column":18}},"43":{"start":{"line":101,"column":4},"end":{"line":106,"column":5}},"44":{"start":{"line":102,"column":6},"end":{"line":102,"column":44}},"45":{"start":{"line":103,"column":6},"end":{"line":103,"column":18}},"46":{"start":{"line":105,"column":6},"end":{"line":105,"column":19}},"47":{"start":{"line":110,"column":4},"end":{"line":115,"column":5}},"48":{"start":{"line":111,"column":6},"end":{"line":111,"column":38}},"49":{"start":{"line":112,"column":6},"end":{"line":112,"column":18}},"50":{"start":{"line":114,"column":6},"end":{"line":114,"column":19}},"51":{"start":{"line":7,"column":0},"end":{"line":7,"column":13}}},"fnMap":{"0":{"name":"(anonymous_0)","decl":{"start":{"line":13,"column":2},"end":{"line":13,"column":null}},"loc":{"start":{"line":16,"column":30},"end":{"line":21,"column":3}}},"1":{"name":"(anonymous_1)","decl":{"start":{"line":23,"column":9},"end":{"line":23,"column":15}},"loc":{"start":{"line":23,"column":27},"end":{"line":34,"column":3}}},"2":{"name":"(anonymous_2)","decl":{"start":{"line":35,"column":2},"end":{"line":35,"column":10}},"loc":{"start":{"line":35,"column":37},"end":{"line":35,"column":41}}},"3":{"name":"(anonymous_3)","decl":{"start":{"line":36,"column":2},"end":{"line":36,"column":9}},"loc":{"start":{"line":36,"column":23},"end":{"line":43,"column":3}}},"4":{"name":"(anonymous_4)","decl":{"start":{"line":45,"column":2},"end":{"line":45,"column":12}},"loc":{"start":{"line":45,"column":23},"end":{"line":52,"column":3}}},"5":{"name":"(anonymous_5)","decl":{"start":{"line":54,"column":2},"end":{"line":54,"column":6}},"loc":{"start":{"line":54,"column":11},"end":{"line":56,"column":3}}},"6":{"name":"(anonymous_6)","decl":{"start":{"line":58,"column":2},"end":{"line":58,"column":16}},"loc":{"start":{"line":58,"column":39},"end":{"line":67,"column":3}}},"7":{"name":"(anonymous_7)","decl":{"start":{"line":69,"column":2},"end":{"line":69,"column":12}},"loc":{"start":{"line":69,"column":35},"end":{"line":77,"column":3}}},"8":{"name":"(anonymous_8)","decl":{"start":{"line":78,"column":2},"end":{"line":78,"column":20}},"loc":{"start":{"line":78,"column":43},"end":{"line":87,"column":3}}},"9":{"name":"(anonymous_9)","decl":{"start":{"line":88,"column":2},"end":{"line":88,"column":6}},"loc":{"start":{"line":88,"column":25},"end":{"line":90,"column":3}}},"10":{"name":"(anonymous_10)","decl":{"start":{"line":92,"column":2},"end":{"line":92,"column":7}},"loc":{"start":{"line":92,"column":21},"end":{"line":98,"column":3}}},"11":{"name":"(anonymous_11)","decl":{"start":{"line":100,"column":2},"end":{"line":100,"column":8}},"loc":{"start":{"line":100,"column":36},"end":{"line":107,"column":3}}},"12":{"name":"(anonymous_12)","decl":{"start":{"line":109,"column":2},"end":{"line":109,"column":8}},"loc":{"start":{"line":109,"column":22},"end":{"line":116,"column":3}}}},"branchMap":{"0":{"loc":{"start":{"line":24,"column":4},"end":{"line":31,"column":5}},"type":"if","locations":[{"start":{"line":24,"column":4},"end":{"line":31,"column":5}}]},"1":{"loc":{"start":{"line":59,"column":4},"end":{"line":59,"column":74}},"type":"if","locations":[{"start":{"line":59,"column":4},"end":{"line":59,"column":74}}]},"2":{"loc":{"start":{"line":59,"column":8},"end":{"line":59,"column":59}},"type":"binary-expr","locations":[{"start":{"line":59,"column":8},"end":{"line":59,"column":13}},{"start":{"line":59,"column":17},"end":{"line":59,"column":59}}]},"3":{"loc":{"start":{"line":70,"column":4},"end":{"line":70,"column":74}},"type":"if","locations":[{"start":{"line":70,"column":4},"end":{"line":70,"column":74}}]},"4":{"loc":{"start":{"line":70,"column":8},"end":{"line":70,"column":59}},"type":"binary-expr","locations":[{"start":{"line":70,"column":8},"end":{"line":70,"column":13}},{"start":{"line":70,"column":17},"end":{"line":70,"column":59}}]},"5":{"loc":{"start":{"line":79,"column":4},"end":{"line":79,"column":74}},"type":"if","locations":[{"start":{"line":79,"column":4},"end":{"line":79,"column":74}}]},"6":{"loc":{"start":{"line":79,"column":8},"end":{"line":79,"column":59}},"type":"binary-expr","locations":[{"start":{"line":79,"column":8},"end":{"line":79,"column":13}},{"start":{"line":79,"column":17},"end":{"line":79,"column":59}}]},"7":{"loc":{"start":{"line":80,"column":4},"end":{"line":80,"column":38}},"type":"if","locations":[{"start":{"line":80,"column":4},"end":{"line":80,"column":38}}]}},"s":{"0":2,"1":2,"2":2,"3":42,"4":42,"5":42,"6":44,"7":42,"8":42,"9":44,"10":101,"11":101,"12":100,"13":1,"14":0,"15":0,"16":0,"17":0,"18":3,"19":48,"20":3,"21":45,"22":45,"23":44,"24":1,"25":13,"26":3,"27":10,"28":10,"29":7,"30":3,"31":15,"32":0,"33":15,"34":1,"35":14,"36":14,"37":14,"38":0,"39":7,"40":58,"41":58,"42":2,"43":66,"44":66,"45":64,"46":2,"47":5,"48":5,"49":5,"50":0,"51":2},"f":{"0":42,"1":44,"2":0,"3":101,"4":0,"5":3,"6":48,"7":13,"8":15,"9":7,"10":58,"11":66,"12":5},"b":{"0":[42],"1":[3],"2":[48,47],"3":[3],"4":[13,12],"5":[0],"6":[15,15],"7":[1]}}
,"D:\\test_code_snnipt\\ES6 OOP\\projects\\Book_TS\\src\\User.ts": {"path":"D:\\test_code_snnipt\\ES6 OOP\\projects\\Book_TS\\src\\User.ts","statementMap":{"0":{"start":{"line":7,"column":0},"end":{"line":7,"column":64}},"1":{"start":{"line":15,"column":4},"end":{"line":19,"column":5}},"2":{"start":{"line":16,"column":6},"end":{"line":18,"column":8}},"3":{"start":{"line":20,"column":4},"end":{"line":24,"column":5}},"4":{"start":{"line":21,"column":6},"end":{"line":23,"column":8}},"5":{"start":{"line":26,"column":4},"end":{"line":26,"column":21}},"6":{"start":{"line":28,"column":4},"end":{"line":28,"column":23}},"7":{"start":{"line":31,"column":4},"end":{"line":31,"column":21}},"8":{"start":{"line":34,"column":4},"end":{"line":34,"column":22}},"9":{"start":{"line":9,"column":0},"end":{"line":9,"column":13}}},"fnMap":{"0":{"name":"(anonymous_0)","decl":{"start":{"line":14,"column":2},"end":{"line":14,"column":14}},"loc":{"start":{"line":14,"column":41},"end":{"line":29,"column":3}}},"1":{"name":"(anonymous_1)","decl":{"start":{"line":30,"column":2},"end":{"line":30,"column":6}},"loc":{"start":{"line":30,"column":11},"end":{"line":32,"column":3}}},"2":{"name":"(anonymous_2)","decl":{"start":{"line":33,"column":2},"end":{"line":33,"column":6}},"loc":{"start":{"line":33,"column":12},"end":{"line":35,"column":3}}}},"branchMap":{"0":{"loc":{"start":{"line":15,"column":4},"end":{"line":19,"column":5}},"type":"if","locations":[{"start":{"line":15,"column":4},"end":{"line":19,"column":5}}]},"1":{"loc":{"start":{"line":20,"column":4},"end":{"line":24,"column":5}},"type":"if","locations":[{"start":{"line":20,"column":4},"end":{"line":24,"column":5}}]}},"s":{"0":5,"1":148,"2":4,"3":144,"4":2,"5":142,"6":142,"7":5,"8":387,"9":5},"f":{"0":148,"1":5,"2":387},"b":{"0":[4],"1":[2]}}
,"D:\\test_code_snnipt\\ES6 OOP\\projects\\Book_TS\\src\\UsersManager.ts": {"path":"D:\\test_code_snnipt\\ES6 OOP\\projects\\Book_TS\\src\\UsersManager.ts","statementMap":{"0":{"start":{"line":1,"column":0},"end":{"line":1,"column":30}},"1":{"start":{"line":8,"column":4},"end":{"line":8,"column":20}},"2":{"start":{"line":9,"column":4},"end":{"line":9,"column":35}},"3":{"start":{"line":14,"column":4},"end":{"line":17,"column":8}},"4":{"start":{"line":15,"column":6},"end":{"line":17,"column":8}},"5":{"start":{"line":19,"column":4},"end":{"line":24,"column":5}},"6":{"start":{"line":20,"column":6},"end":{"line":20,"column":35}},"7":{"start":{"line":21,"column":6},"end":{"line":21,"column":31}},"8":{"start":{"line":23,"column":6},"end":{"line":23,"column":18}},"9":{"start":{"line":25,"column":4},"end":{"line":25,"column":16}},"10":{"start":{"line":30,"column":4},"end":{"line":34,"column":5}},"11":{"start":{"line":31,"column":6},"end":{"line":33,"column":8}},"12":{"start":{"line":36,"column":4},"end":{"line":36,"column":34}},"13":{"start":{"line":37,"column":4},"end":{"line":37,"column":29}},"14":{"start":{"line":42,"column":4},"end":{"line":42,"column":37}},"15":{"start":{"line":47,"column":4},"end":{"line":47,"column":41}},"16":{"start":{"line":52,"column":4},"end":{"line":52,"column":68}},"17":{"start":{"line":3,"column":0},"end":{"line":3,"column":13}}},"fnMap":{"0":{"name":"(anonymous_0)","decl":{"start":{"line":7,"column":2},"end":{"line":7,"column":null}},"loc":{"start":{"line":7,"column":2},"end":{"line":10,"column":3}}},"1":{"name":"(anonymous_1)","decl":{"start":{"line":13,"column":2},"end":{"line":13,"column":8}},"loc":{"start":{"line":13,"column":36},"end":{"line":26,"column":3}}},"2":{"name":"(anonymous_2)","decl":{"start":{"line":29,"column":2},"end":{"line":29,"column":7}},"loc":{"start":{"line":29,"column":21},"end":{"line":38,"column":3}}},"3":{"name":"(anonymous_3)","decl":{"start":{"line":41,"column":2},"end":{"line":41,"column":8}},"loc":{"start":{"line":41,"column":22},"end":{"line":43,"column":3}}},"4":{"name":"(anonymous_4)","decl":{"start":{"line":46,"column":2},"end":{"line":46,"column":12}},"loc":{"start":{"line":46,"column":26},"end":{"line":48,"column":3}}},"5":{"name":"(anonymous_5)","decl":{"start":{"line":51,"column":2},"end":{"line":51,"column":17}},"loc":{"start":{"line":51,"column":31},"end":{"line":53,"column":3}}}},"branchMap":{"0":{"loc":{"start":{"line":14,"column":4},"end":{"line":17,"column":8}},"type":"if","locations":[{"start":{"line":14,"column":4},"end":{"line":17,"column":8}}]},"1":{"loc":{"start":{"line":30,"column":4},"end":{"line":34,"column":5}},"type":"if","locations":[{"start":{"line":30,"column":4},"end":{"line":34,"column":5}}]},"2":{"loc":{"start":{"line":52,"column":11},"end":{"line":52,"column":67}},"type":"cond-expr","locations":[{"start":{"line":52,"column":43},"end":{"line":52,"column":60}},{"start":{"line":52,"column":63},"end":{"line":52,"column":67}}]}},"s":{"0":3,"1":62,"2":62,"3":107,"4":3,"5":104,"6":104,"7":101,"8":3,"9":101,"10":90,"11":4,"12":86,"13":86,"14":10,"15":80,"16":3,"17":3},"f":{"0":62,"1":107,"2":90,"3":10,"4":80,"5":3},"b":{"0":[3],"1":[4],"2":[1,2]}}
,"D:\\test_code_snnipt\\ES6 OOP\\projects\\Book_TS\\src\\utils.ts": {"path":"D:\\test_code_snnipt\\ES6 OOP\\projects\\Book_TS\\src\\utils.ts","statementMap":{"0":{"start":{"line":1,"column":0},"end":{"line":1,"column":16}},"1":{"start":{"line":2,"column":12},"end":{"line":2,"column":33}},"2":{"start":{"line":4,"column":0},"end":{"line":6,"column":1}},"3":{"start":{"line":5,"column":2},"end":{"line":5,"column":25}}},"fnMap":{"0":{"name":"deleteFromArray","decl":{"start":{"line":1,"column":16},"end":{"line":1,"column":31}},"loc":{"start":{"line":1,"column":50},"end":{"line":7,"column":1}}}},"branchMap":{"0":{"loc":{"start":{"line":4,"column":0},"end":{"line":6,"column":1}},"type":"if","locations":[{"start":{"line":4,"column":0},"end":{"line":6,"column":1}}]}},"s":{"0":3,"1":10,"2":10,"3":10},"f":{"0":10},"b":{"0":[10]}}
,"D:\\test_code_snnipt\\ES6 OOP\\projects\\Book_TS\\src\\common\\validators.ts": {"path":"D:\\test_code_snnipt\\ES6 OOP\\projects\\Book_TS\\src\\common\\validators.ts","statementMap":{"0":{"start":{"line":1,"column":0},"end":{"line":1,"column":16}},"1":{"start":{"line":8,"column":0},"end":{"line":8,"column":16}},"2":{"start":{"line":3,"column":4},"end":{"line":3,"column":64}},"3":{"start":{"line":5,"column":2},"end":{"line":5,"column":34}},"4":{"start":{"line":13,"column":2},"end":{"line":17,"column":3}},"5":{"start":{"line":14,"column":4},"end":{"line":16,"column":6}},"6":{"start":{"line":19,"column":22},"end":{"line":19,"column":33}},"7":{"start":{"line":22,"column":4},"end":{"line":22,"column":70}},"8":{"start":{"line":24,"column":20},"end":{"line":24,"column":38}},"9":{"start":{"line":25,"column":24},"end":{"line":25,"column":51}},"10":{"start":{"line":27,"column":2},"end":{"line":27,"column":40}}},"fnMap":{"0":{"name":"isValidEmail","decl":{"start":{"line":1,"column":16},"end":{"line":1,"column":28}},"loc":{"start":{"line":1,"column":42},"end":{"line":6,"column":1}}},"1":{"name":"isValidName","decl":{"start":{"line":8,"column":16},"end":{"line":8,"column":27}},"loc":{"start":{"line":11,"column":30},"end":{"line":28,"column":1}}}},"branchMap":{"0":{"loc":{"start":{"line":10,"column":2},"end":{"line":10,"column":23}},"type":"default-arg","locations":[{"start":{"line":10,"column":22},"end":{"line":10,"column":23}}]},"1":{"loc":{"start":{"line":11,"column":2},"end":{"line":11,"column":30}},"type":"default-arg","locations":[{"start":{"line":11,"column":22},"end":{"line":11,"column":30}}]},"2":{"loc":{"start":{"line":13,"column":2},"end":{"line":17,"column":3}},"type":"if","locations":[{"start":{"line":13,"column":2},"end":{"line":17,"column":3}}]},"3":{"loc":{"start":{"line":13,"column":6},"end":{"line":13,"column":61}},"type":"binary-expr","locations":[{"start":{"line":13,"column":6},"end":{"line":13,"column":19}},{"start":{"line":13,"column":23},"end":{"line":13,"column":36}},{"start":{"line":13,"column":40},"end":{"line":13,"column":61}}]},"4":{"loc":{"start":{"line":22,"column":4},"end":{"line":22,"column":70}},"type":"binary-expr","locations":[{"start":{"line":22,"column":4},"end":{"line":22,"column":35}},{"start":{"line":22,"column":39},"end":{"line":22,"column":70}}]},"5":{"loc":{"start":{"line":27,"column":9},"end":{"line":27,"column":39}},"type":"binary-expr","locations":[{"start":{"line":27,"column":9},"end":{"line":27,"column":22}},{"start":{"line":27,"column":26},"end":{"line":27,"column":39}}]}},"s":{"0":7,"1":7,"2":175,"3":175,"4":183,"5":0,"6":183,"7":183,"8":183,"9":183,"10":183},"f":{"0":175,"1":183},"b":{"0":[148],"1":[148],"2":[0],"3":[183,183,183],"4":[183,175],"5":[183,174]}}
}
