TN:
SF:src\Book.ts
FN:13,(anonymous_0)
FN:20,(anonymous_1)
FN:23,(anonymous_2)
FN:26,(anonymous_3)
FN:29,(anonymous_4)
FN:32,(anonymous_5)
FN:35,(anonymous_6)
FNF:7
FNH:7
FNDA:290,(anonymous_0)
FNDA:18,(anonymous_1)
FNDA:7,(anonymous_2)
FNDA:726,(anonymous_3)
FNDA:276,(anonymous_4)
FNDA:106,(anonymous_5)
FNDA:81,(anonymous_6)
DA:5,5
DA:6,5
DA:11,290
DA:14,290
DA:15,290
DA:16,290
DA:17,290
DA:21,18
DA:24,7
DA:27,726
DA:30,276
DA:33,106
DA:36,81
LF:13
LH:13
BRF:0
BRH:0
end_of_record
TN:
SF:src\BorrowingSystem.ts
FN:9,(anonymous_0)
FN:14,(anonymous_1)
FN:35,(anonymous_2)
FN:50,(anonymous_3)
FN:73,(anonymous_4)
FNF:5
FNH:5
FNDA:55,(anonymous_0)
FNDA:54,(anonymous_1)
FNDA:20,(anonymous_2)
FNDA:16,(anonymous_3)
FNDA:12,(anonymous_4)
DA:4,3
DA:6,3
DA:10,55
DA:11,55
DA:15,54
DA:16,54
DA:17,50
DA:19,54
DA:20,2
DA:24,52
DA:25,58
DA:26,52
DA:27,52
DA:28,52
DA:31,52
DA:36,20
DA:37,8
DA:40,20
DA:41,1
DA:46,19
DA:47,19
DA:51,16
DA:52,3
DA:57,13
DA:58,1
DA:63,12
DA:64,2
DA:69,10
DA:70,10
DA:74,12
LF:30
LH:30
BRDA:16,0,0,50
BRDA:19,1,0,2
BRDA:25,2,0,52
BRDA:36,3,0,8
BRDA:40,4,0,1
BRDA:51,5,0,3
BRDA:57,6,0,1
BRDA:63,7,0,2
BRF:8
BRH:8
end_of_record
TN:
SF:src\InventoryManager.ts
FN:6,(anonymous_0)
FN:10,(anonymous_1)
FN:17,(anonymous_2)
FN:25,(anonymous_3)
FN:29,(anonymous_4)
FN:32,(anonymous_5)
FN:33,(anonymous_6)
FNF:7
FNH:7
FNDA:70,(anonymous_0)
FNDA:200,(anonymous_1)
FNDA:4,(anonymous_2)
FNDA:3,(anonymous_3)
FNDA:59,(anonymous_4)
FNDA:9,(anonymous_5)
FNDA:27,(anonymous_6)
DA:3,4
DA:7,70
DA:11,200
DA:12,142
DA:14,199
DA:18,4
DA:19,1
DA:22,3
DA:26,3
DA:30,59
DA:33,9
DA:34,27
DA:35,27
LF:13
LH:13
BRDA:11,0,0,142
BRDA:18,1,0,1
BRDA:30,2,0,56
BRDA:30,2,1,3
BRF:4
BRH:4
end_of_record
TN:
SF:src\Library.ts
FN:13,(anonymous_0)
FN:23,(anonymous_1)
FN:35,(anonymous_2)
FN:36,(anonymous_3)
FN:45,(anonymous_4)
FN:54,(anonymous_5)
FN:58,(anonymous_6)
FN:69,(anonymous_7)
FN:78,(anonymous_8)
FN:88,(anonymous_9)
FN:92,(anonymous_10)
FN:100,(anonymous_11)
FN:109,(anonymous_12)
FNF:13
FNH:11
FNDA:42,(anonymous_0)
FNDA:44,(anonymous_1)
FNDA:0,(anonymous_2)
FNDA:101,(anonymous_3)
FNDA:0,(anonymous_4)
FNDA:3,(anonymous_5)
FNDA:48,(anonymous_6)
FNDA:13,(anonymous_7)
FNDA:15,(anonymous_8)
FNDA:7,(anonymous_9)
FNDA:58,(anonymous_10)
FNDA:66,(anonymous_11)
FNDA:5,(anonymous_12)
DA:2,2
DA:3,2
DA:5,2
DA:7,2
DA:18,42
DA:19,42
DA:20,42
DA:24,44
DA:25,42
DA:26,42
DA:33,44
DA:37,101
DA:38,101
DA:39,100
DA:41,1
DA:46,0
DA:47,0
DA:48,0
DA:50,0
DA:55,3
DA:59,48
DA:60,45
DA:61,45
DA:63,44
DA:65,1
DA:70,13
DA:71,10
DA:72,10
DA:73,7
DA:75,3
DA:79,15
DA:80,15
DA:81,14
DA:82,14
DA:83,14
DA:85,0
DA:89,7
DA:93,58
DA:94,58
DA:96,2
DA:101,66
DA:102,66
DA:103,64
DA:105,2
DA:110,5
DA:111,5
DA:112,5
DA:114,0
LF:48
LH:42
BRDA:24,0,0,42
BRDA:59,1,0,3
BRDA:59,2,0,48
BRDA:59,2,1,47
BRDA:70,3,0,3
BRDA:70,4,0,13
BRDA:70,4,1,12
BRDA:79,5,0,0
BRDA:79,6,0,15
BRDA:79,6,1,15
BRDA:80,7,0,1
BRF:11
BRH:10
end_of_record
TN:
SF:src\User.ts
FN:14,(anonymous_0)
FN:30,(anonymous_1)
FN:33,(anonymous_2)
FNF:3
FNH:3
FNDA:148,(anonymous_0)
FNDA:5,(anonymous_1)
FNDA:387,(anonymous_2)
DA:7,5
DA:9,5
DA:15,148
DA:16,4
DA:20,144
DA:21,2
DA:26,142
DA:28,142
DA:31,5
DA:34,387
LF:10
LH:10
BRDA:15,0,0,4
BRDA:20,1,0,2
BRF:2
BRH:2
end_of_record
TN:
SF:src\UsersManager.ts
FN:7,(anonymous_0)
FN:13,(anonymous_1)
FN:29,(anonymous_2)
FN:41,(anonymous_3)
FN:46,(anonymous_4)
FN:51,(anonymous_5)
FNF:6
FNH:6
FNDA:62,(anonymous_0)
FNDA:107,(anonymous_1)
FNDA:90,(anonymous_2)
FNDA:10,(anonymous_3)
FNDA:80,(anonymous_4)
FNDA:3,(anonymous_5)
DA:1,3
DA:3,3
DA:8,62
DA:9,62
DA:14,107
DA:15,3
DA:19,104
DA:20,104
DA:21,101
DA:23,3
DA:25,101
DA:30,90
DA:31,4
DA:36,86
DA:37,86
DA:42,10
DA:47,80
DA:52,3
LF:18
LH:18
BRDA:14,0,0,3
BRDA:30,1,0,4
BRDA:52,2,0,1
BRDA:52,2,1,2
BRF:4
BRH:4
end_of_record
TN:
SF:src\utils.ts
FN:1,deleteFromArray
FNF:1
FNH:1
FNDA:10,deleteFromArray
DA:1,3
DA:2,10
DA:4,10
DA:5,10
LF:4
LH:4
BRDA:4,0,0,10
BRF:1
BRH:1
end_of_record
TN:
SF:src\common\validators.ts
FN:1,isValidEmail
FN:8,isValidName
FNF:2
FNH:2
FNDA:175,isValidEmail
FNDA:183,isValidName
DA:1,7
DA:3,175
DA:5,175
DA:8,7
DA:13,183
DA:14,0
DA:19,183
DA:22,183
DA:24,183
DA:25,183
DA:27,183
LF:11
LH:10
BRDA:10,0,0,148
BRDA:11,1,0,148
BRDA:13,2,0,0
BRDA:13,3,0,183
BRDA:13,3,1,183
BRDA:13,3,2,183
BRDA:22,4,0,183
BRDA:22,4,1,175
BRDA:27,5,0,183
BRDA:27,5,1,174
BRF:10
BRH:9
end_of_record
